0 info it worked if it ends with ok
1 verbose cli [ '/Users/gre/.nvm/versions/node/v4.2.2/bin/node',
1 verbose cli   '/Users/gre/.nvm/versions/node/v4.2.2/bin/npm',
1 verbose cli   'publish' ]
2 info using npm@2.14.7
3 info using node@v4.2.2
4 verbose publish [ '.' ]
5 silly cache add args [ '.', null ]
6 verbose cache add spec .
7 silly cache add parsed spec Result {
7 silly cache add   raw: '.',
7 silly cache add   scope: null,
7 silly cache add   name: null,
7 silly cache add   rawSpec: '.',
7 silly cache add   spec: '/Users/gre/perso/gl-react-dom-static-container/example',
7 silly cache add   type: 'directory' }
8 verbose addLocalDirectory /Users/gre/.npm/gl-react-dom-static-container-example/1.1.0/package.tgz not in flight; packing
9 verbose tar pack [ '/Users/gre/.npm/gl-react-dom-static-container-example/1.1.0/package.tgz',
9 verbose tar pack   '/Users/gre/perso/gl-react-dom-static-container/example' ]
10 verbose tarball /Users/gre/.npm/gl-react-dom-static-container-example/1.1.0/package.tgz
11 verbose folder /Users/gre/perso/gl-react-dom-static-container/example
12 info prepublish gl-react-dom-static-container-example@1.1.0
13 verbose addLocalTarball adding from inside cache /Users/gre/.npm/gl-react-dom-static-container-example/1.1.0/package.tgz
14 silly cache afterAdd gl-react-dom-static-container-example@1.1.0
15 verbose afterAdd /Users/gre/.npm/gl-react-dom-static-container-example/1.1.0/package/package.json not in flight; writing
16 verbose afterAdd /Users/gre/.npm/gl-react-dom-static-container-example/1.1.0/package/package.json written
17 silly publish { private: true,
17 silly publish   name: 'gl-react-dom-static-container-example',
17 silly publish   version: '1.1.0',
17 silly publish   main: 'index.js',
17 silly publish   scripts:
17 silly publish    { start: 'budo index.js --live -- -t [ babelify --presets es2015,stage-1,react ]',
17 silly publish      test: 'budo test2.js --live -- -t [ babelify --presets es2015,stage-1,react ]' },
17 silly publish   devDependencies:
17 silly publish    { 'babel-preset-es2015': '^6.3.13',
17 silly publish      'babel-preset-react': '^6.3.13',
17 silly publish      'babel-preset-stage-1': '^6.3.13',
17 silly publish      babelify: '^7.2.0',
17 silly publish      budo: '^7.0.4' },
17 silly publish   dependencies:
17 silly publish    { 'gl-react': '^2.0.4',
17 silly publish      'gl-react-dom': '^2.0.3',
17 silly publish      'gl-react-dom-static-container': 'file:..',
17 silly publish      react: '^0.14.3',
17 silly publish      'react-addons-perf': '^0.14.3',
17 silly publish      'react-dom': '^0.14.3',
17 silly publish      'react-motion': '^0.3.1' },
17 silly publish   readme: 'ERROR: No README data found!',
17 silly publish   _id: 'gl-react-dom-static-container-example@1.1.0',
17 silly publish   _shasum: '7f461676f94becff5ee209693eb7398710a6fd4f',
17 silly publish   _from: '.' }
18 verbose getPublishConfig undefined
19 verbose stack Error: This package has been marked as private
19 verbose stack Remove the 'private' field from the package.json to publish it.
19 verbose stack     at publish_ (/Users/gre/.nvm/versions/node/v4.2.2/lib/node_modules/npm/lib/publish.js:98:5)
19 verbose stack     at Array.<anonymous> (/Users/gre/.nvm/versions/node/v4.2.2/lib/node_modules/npm/node_modules/slide/lib/bind-actor.js:15:8)
19 verbose stack     at LOOP (/Users/gre/.nvm/versions/node/v4.2.2/lib/node_modules/npm/node_modules/slide/lib/chain.js:15:14)
19 verbose stack     at LOOP (/Users/gre/.nvm/versions/node/v4.2.2/lib/node_modules/npm/node_modules/slide/lib/chain.js:14:28)
19 verbose stack     at chain (/Users/gre/.nvm/versions/node/v4.2.2/lib/node_modules/npm/node_modules/slide/lib/chain.js:20:5)
19 verbose stack     at /Users/gre/.nvm/versions/node/v4.2.2/lib/node_modules/npm/lib/publish.js:73:5
19 verbose stack     at RES (/Users/gre/.nvm/versions/node/v4.2.2/lib/node_modules/npm/node_modules/inflight/inflight.js:23:14)
19 verbose stack     at f (/Users/gre/.nvm/versions/node/v4.2.2/lib/node_modules/npm/node_modules/once/once.js:17:25)
19 verbose stack     at /Users/gre/.nvm/versions/node/v4.2.2/lib/node_modules/npm/lib/cache.js:350:14
19 verbose stack     at /Users/gre/.nvm/versions/node/v4.2.2/lib/node_modules/npm/node_modules/write-file-atomic/index.js:29:15
20 verbose cwd /Users/gre/perso/gl-react-dom-static-container/example
21 error Darwin 15.2.0
22 error argv "/Users/gre/.nvm/versions/node/v4.2.2/bin/node" "/Users/gre/.nvm/versions/node/v4.2.2/bin/npm" "publish"
23 error node v4.2.2
24 error npm  v2.14.7
25 error This package has been marked as private
25 error Remove the 'private' field from the package.json to publish it.
26 error If you need help, you may report this error at:
26 error     <https://github.com/npm/npm/issues>
27 verbose exit [ 1, true ]
